<?xml version="1.0" encoding="UTF-8"?>
<!-- Generated by org.testng.reporters.JUnitXMLReporter -->
<testsuite ignored="2" hostname="DESKTOP-BOVOIF6" failures="1" tests="1" name="Default test(failed)" time="0.049" errors="0" timestamp="2024-04-07T16:43:40 CEST">
  <testcase classname="com.tutorialsninja.qa.testcases.Login" name="verifyLoginWithValidCredentials" time="0.0">
    <failure type="org.testng.TestNGException" message="
Method public void com.tutorialsninja.qa.testcases.Login.verifyLoginWithValidCredentials(java.lang.String,java.lang.String) requires a @DataProvider named : supplyTestData">
      <![CDATA[org.testng.TestNGException: 
Method public void com.tutorialsninja.qa.testcases.Login.verifyLoginWithValidCredentials(java.lang.String,java.lang.String) requires a @DataProvider named : supplyTestData
at java.base/java.util.ArrayList.forEach(ArrayList.java:1511)
... Removed 24 stack frames]]>
    </failure>
  </testcase> <!-- verifyLoginWithValidCredentials -->
  <testcase classname="com.tutorialsninja.qa.testcases.Login" name="verifyLoginWithInvalidCredentials" time="0.0">
    <ignored/>
  </testcase> <!-- verifyLoginWithInvalidCredentials -->
  <testcase classname="com.tutorialsninja.qa.testcases.Login" name="verifyLoginWithoutCredentials" time="0.0">
    <ignored/>
  </testcase> <!-- verifyLoginWithoutCredentials -->
</testsuite> <!-- Default test(failed) -->
